[debug] [2022-08-29T02:43:30.774Z] ----------------------------------------------------------------------
[debug] [2022-08-29T02:43:30.777Z] Command:       /home/daleth/.nvm/versions/node/v14.20.0/bin/node /home/daleth/.nvm/versions/node/v14.20.0/bin/firebase init
[debug] [2022-08-29T02:43:30.777Z] CLI Version:   11.8.0
[debug] [2022-08-29T02:43:30.777Z] Platform:      linux
[debug] [2022-08-29T02:43:30.777Z] Node Version:  v14.20.0
[debug] [2022-08-29T02:43:30.777Z] Time:          Sun Aug 28 2022 21:43:30 GMT-0500 (hora de verano central)
[debug] [2022-08-29T02:43:30.778Z] ----------------------------------------------------------------------
[debug] 
[debug] [2022-08-29T02:43:30.782Z] > command requires scopes: ["email","openid","https://www.googleapis.com/auth/cloudplatformprojects.readonly","https://www.googleapis.com/auth/firebase","https://www.googleapis.com/auth/cloud-platform"]
[debug] [2022-08-29T02:43:30.782Z] > authorizing via signed-in user (pedrolpz51@gmail.com)
[info] 
     ######## #### ########  ######## ########     ###     ######  ########
     ##        ##  ##     ## ##       ##     ##  ##   ##  ##       ##
     ######    ##  ########  ######   ########  #########  ######  ######
     ##        ##  ##    ##  ##       ##     ## ##     ##       ## ##
     ##       #### ##     ## ######## ########  ##     ##  ######  ########

You're about to initialize a Firebase project in this directory:

  /home/daleth/code/frontendtechtest

[info] 
=== Project Setup
[info] 
[info] First, let's associate this project directory with a Firebase project.
[info] You can create multiple project aliases by running firebase use --add, 
[info] but for now we'll just set up a default project.
[info] 
[debug] [2022-08-29T02:43:43.241Z] >>> [apiv2][query] GET https://firebase.googleapis.com/v1beta1/projects pageSize=100
[debug] [2022-08-29T02:43:43.858Z] <<< [apiv2][status] GET https://firebase.googleapis.com/v1beta1/projects 200
[debug] [2022-08-29T02:43:43.858Z] <<< [apiv2][body] GET https://firebase.googleapis.com/v1beta1/projects [omitted]
[info] i  Using project zebrandstechnical (ZebrandsTechnical) 
[info] 
=== Hosting Setup
[info] 
[info] Your public directory is the folder (relative to your project directory) that
[info] will contain Hosting assets to be uploaded with firebase deploy. If you
[info] have a build process for your assets, use your build's output directory.
[info] 
